{"/home/travis/build/npmtest/node-npmtest-react-facebook-login/test.js":{"path":"/home/travis/build/npmtest/node-npmtest-react-facebook-login/test.js","s":{"1":2,"2":2,"3":2,"4":2,"5":2,"6":2,"7":2,"8":1,"9":2,"10":2,"11":1,"12":1,"13":1,"14":1,"15":2,"16":2,"17":2,"18":2,"19":1,"20":1,"21":2,"22":2,"23":2,"24":1,"25":1,"26":1,"27":1,"28":1,"29":1,"30":1,"31":1,"32":1,"33":1,"34":1,"35":1,"36":1,"37":1,"38":1,"39":2,"40":2,"41":1,"42":2,"43":2,"44":1,"45":2,"46":2,"47":1,"48":2,"49":2,"50":1,"51":1,"52":1,"53":1,"54":1},"b":{"1":[2,1,1,1],"2":[1,1,1,1],"3":[1,1],"4":[1,1],"5":[1,1],"6":[1,1],"7":[1,1],"8":[1,1],"9":[1,1],"10":[1,1,1],"11":[1,1],"12":[1,1],"13":[1,1],"14":[1,1],"15":[1,1],"16":[1,1],"17":[1,1]},"f":{"1":2,"2":2,"3":2,"4":2,"5":2,"6":1,"7":1,"8":1,"9":2,"10":2,"11":2,"12":2,"13":1},"fnMap":{"1":{"name":"(anonymous_1)","line":12,"loc":{"start":{"line":12,"column":1},"end":{"line":12,"column":13}}},"2":{"name":"(anonymous_2)","line":19,"loc":{"start":{"line":19,"column":5},"end":{"line":19,"column":17}}},"3":{"name":"(anonymous_3)","line":23,"loc":{"start":{"line":23,"column":24},"end":{"line":23,"column":36}}},"4":{"name":"(anonymous_4)","line":61,"loc":{"start":{"line":61,"column":5},"end":{"line":61,"column":17}}},"5":{"name":"(anonymous_5)","line":82,"loc":{"start":{"line":82,"column":5},"end":{"line":82,"column":17}}},"6":{"name":"(anonymous_6)","line":91,"loc":{"start":{"line":91,"column":77},"end":{"line":94,"column":10}}},"7":{"name":"(anonymous_7)","line":112,"loc":{"start":{"line":112,"column":83},"end":{"line":115,"column":10}},"skip":true},"8":{"name":"(anonymous_8)","line":123,"loc":{"start":{"line":123,"column":77},"end":{"line":126,"column":10}},"skip":true},"9":{"name":"(anonymous_9)","line":139,"loc":{"start":{"line":139,"column":12},"end":{"line":139,"column":40}},"skip":true},"10":{"name":"(anonymous_10)","line":147,"loc":{"start":{"line":147,"column":77},"end":{"line":150,"column":10}},"skip":true},"11":{"name":"(anonymous_11)","line":158,"loc":{"start":{"line":158,"column":83},"end":{"line":161,"column":10}},"skip":true},"12":{"name":"(anonymous_12)","line":169,"loc":{"start":{"line":169,"column":79},"end":{"line":172,"column":10}},"skip":true},"13":{"name":"(anonymous_13)","line":180,"loc":{"start":{"line":180,"column":75},"end":{"line":183,"column":10}},"skip":true}},"statementMap":{"1":{"start":{"line":12,"column":0},"end":{"line":195,"column":5}},"2":{"start":{"line":14,"column":4},"end":{"line":14,"column":14}},"3":{"start":{"line":19,"column":4},"end":{"line":56,"column":9}},"4":{"start":{"line":21,"column":8},"end":{"line":21,"column":19}},"5":{"start":{"line":23,"column":8},"end":{"line":35,"column":13}},"6":{"start":{"line":24,"column":12},"end":{"line":34,"column":13}},"7":{"start":{"line":25,"column":16},"end":{"line":28,"column":30}},"8":{"start":{"line":30,"column":16},"end":{"line":33,"column":27}},"9":{"start":{"line":37,"column":8},"end":{"line":39,"column":21}},"10":{"start":{"line":40,"column":8},"end":{"line":53,"column":9}},"11":{"start":{"line":43,"column":12},"end":{"line":46,"column":14}},"12":{"start":{"line":47,"column":12},"end":{"line":47,"column":18}},"13":{"start":{"line":50,"column":12},"end":{"line":51,"column":33}},"14":{"start":{"line":52,"column":12},"end":{"line":52,"column":18}},"15":{"start":{"line":55,"column":8},"end":{"line":55,"column":35}},"16":{"start":{"line":61,"column":4},"end":{"line":63,"column":9}},"17":{"start":{"line":62,"column":8},"end":{"line":62,"column":15}},"18":{"start":{"line":64,"column":4},"end":{"line":77,"column":5}},"19":{"start":{"line":70,"column":8},"end":{"line":70,"column":14}},"20":{"start":{"line":76,"column":8},"end":{"line":76,"column":14}},"21":{"start":{"line":82,"column":4},"end":{"line":84,"column":9}},"22":{"start":{"line":83,"column":8},"end":{"line":83,"column":15}},"23":{"start":{"line":85,"column":4},"end":{"line":194,"column":5}},"24":{"start":{"line":91,"column":8},"end":{"line":99,"column":10}},"25":{"start":{"line":98,"column":12},"end":{"line":98,"column":35}},"26":{"start":{"line":102,"column":8},"end":{"line":104,"column":63}},"27":{"start":{"line":105,"column":8},"end":{"line":105,"column":14}},"28":{"start":{"line":112,"column":8},"end":{"line":121,"column":10},"skip":true},"29":{"start":{"line":119,"column":12},"end":{"line":119,"column":55},"skip":true},"30":{"start":{"line":120,"column":12},"end":{"line":120,"column":48},"skip":true},"31":{"start":{"line":123,"column":8},"end":{"line":136,"column":10},"skip":true},"32":{"start":{"line":130,"column":12},"end":{"line":130,"column":76},"skip":true},"33":{"start":{"line":131,"column":12},"end":{"line":131,"column":73},"skip":true},"34":{"start":{"line":132,"column":12},"end":{"line":132,"column":74},"skip":true},"35":{"start":{"line":133,"column":12},"end":{"line":133,"column":79},"skip":true},"36":{"start":{"line":134,"column":12},"end":{"line":134,"column":25},"skip":true},"37":{"start":{"line":135,"column":12},"end":{"line":135,"column":45},"skip":true},"38":{"start":{"line":138,"column":8},"end":{"line":145,"column":14},"skip":true},"39":{"start":{"line":143,"column":16},"end":{"line":143,"column":29},"skip":true},"40":{"start":{"line":144,"column":16},"end":{"line":144,"column":55},"skip":true},"41":{"start":{"line":147,"column":8},"end":{"line":156,"column":10},"skip":true},"42":{"start":{"line":154,"column":12},"end":{"line":154,"column":25},"skip":true},"43":{"start":{"line":155,"column":12},"end":{"line":155,"column":45},"skip":true},"44":{"start":{"line":158,"column":8},"end":{"line":167,"column":10},"skip":true},"45":{"start":{"line":165,"column":12},"end":{"line":165,"column":25},"skip":true},"46":{"start":{"line":166,"column":12},"end":{"line":166,"column":48},"skip":true},"47":{"start":{"line":169,"column":8},"end":{"line":178,"column":10},"skip":true},"48":{"start":{"line":176,"column":12},"end":{"line":176,"column":25},"skip":true},"49":{"start":{"line":177,"column":12},"end":{"line":177,"column":46},"skip":true},"50":{"start":{"line":180,"column":8},"end":{"line":189,"column":10},"skip":true},"51":{"start":{"line":187,"column":12},"end":{"line":187,"column":94},"skip":true},"52":{"start":{"line":188,"column":12},"end":{"line":188,"column":48},"skip":true},"53":{"start":{"line":192,"column":8},"end":{"line":192,"column":35},"skip":true},"54":{"start":{"line":193,"column":8},"end":{"line":193,"column":14},"skip":true}},"branchMap":{"1":{"line":25,"type":"binary-expr","locations":[{"start":{"line":25,"column":23},"end":{"line":25,"column":62}},{"start":{"line":26,"column":20},"end":{"line":26,"column":70}},{"start":{"line":27,"column":20},"end":{"line":27,"column":71}},{"start":{"line":28,"column":20},"end":{"line":28,"column":29}}]},"2":{"line":30,"type":"binary-expr","locations":[{"start":{"line":30,"column":23},"end":{"line":30,"column":37}},{"start":{"line":31,"column":20},"end":{"line":31,"column":61}},{"start":{"line":32,"column":20},"end":{"line":32,"column":70}},{"start":{"line":33,"column":20},"end":{"line":33,"column":26}}]},"3":{"line":37,"type":"cond-expr","locations":[{"start":{"line":38,"column":14},"end":{"line":38,"column":20}},{"start":{"line":39,"column":14},"end":{"line":39,"column":20}}]},"4":{"line":40,"type":"switch","locations":[{"start":{"line":42,"column":8},"end":{"line":47,"column":18}},{"start":{"line":49,"column":8},"end":{"line":52,"column":18}}]},"5":{"line":44,"type":"binary-expr","locations":[{"start":{"line":44,"column":16},"end":{"line":44,"column":44}},{"start":{"line":44,"column":48},"end":{"line":44,"column":66}}]},"6":{"line":50,"type":"binary-expr","locations":[{"start":{"line":50,"column":21},"end":{"line":50,"column":49}},{"start":{"line":50,"column":53},"end":{"line":50,"column":72}}]},"7":{"line":64,"type":"switch","locations":[{"start":{"line":69,"column":4},"end":{"line":70,"column":14}},{"start":{"line":75,"column":4},"end":{"line":76,"column":14}}]},"8":{"line":85,"type":"switch","locations":[{"start":{"line":90,"column":4},"end":{"line":105,"column":14}},{"start":{"line":111,"column":4},"end":{"line":193,"column":14},"skip":true}]},"9":{"line":91,"type":"binary-expr","locations":[{"start":{"line":91,"column":42},"end":{"line":91,"column":73}},{"start":{"line":91,"column":77},"end":{"line":99,"column":9}}]},"10":{"line":102,"type":"binary-expr","locations":[{"start":{"line":102,"column":18},"end":{"line":102,"column":32}},{"start":{"line":103,"column":12},"end":{"line":103,"column":53}},{"start":{"line":104,"column":12},"end":{"line":104,"column":61}}]},"11":{"line":112,"type":"binary-expr","locations":[{"start":{"line":112,"column":45},"end":{"line":112,"column":79},"skip":true},{"start":{"line":112,"column":83},"end":{"line":121,"column":9},"skip":true}]},"12":{"line":123,"type":"binary-expr","locations":[{"start":{"line":123,"column":42},"end":{"line":123,"column":73},"skip":true},{"start":{"line":123,"column":77},"end":{"line":136,"column":9},"skip":true}]},"13":{"line":138,"type":"binary-expr","locations":[{"start":{"line":138,"column":48},"end":{"line":138,"column":85},"skip":true},{"start":{"line":139,"column":12},"end":{"line":145,"column":13},"skip":true}]},"14":{"line":147,"type":"binary-expr","locations":[{"start":{"line":147,"column":42},"end":{"line":147,"column":73},"skip":true},{"start":{"line":147,"column":77},"end":{"line":156,"column":9},"skip":true}]},"15":{"line":158,"type":"binary-expr","locations":[{"start":{"line":158,"column":45},"end":{"line":158,"column":79},"skip":true},{"start":{"line":158,"column":83},"end":{"line":167,"column":9},"skip":true}]},"16":{"line":169,"type":"binary-expr","locations":[{"start":{"line":169,"column":43},"end":{"line":169,"column":75},"skip":true},{"start":{"line":169,"column":79},"end":{"line":178,"column":9},"skip":true}]},"17":{"line":180,"type":"binary-expr","locations":[{"start":{"line":180,"column":41},"end":{"line":180,"column":71},"skip":true},{"start":{"line":180,"column":75},"end":{"line":189,"column":9},"skip":true}]}},"code":["/* istanbul instrument in package npmtest_react_facebook_login */","/*jslint","    bitwise: true,","    browser: true,","    maxerr: 8,","    maxlen: 96,","    node: true,","    nomen: true,","    regexp: true,","    stupid: true","*/","(function () {","    'use strict';","    var local;","","","","    // run shared js-env code - pre-init","    (function () {","        // init local","        local = {};","        // init modeJs","        local.modeJs = (function () {","            try {","                return typeof navigator.userAgent === 'string' &&","                    typeof document.querySelector('body') === 'object' &&","                    typeof XMLHttpRequest.prototype.open === 'function' &&","                    'browser';","            } catch (errorCaughtBrowser) {","                return module.exports &&","                    typeof process.versions.node === 'string' &&","                    typeof require('http').createServer === 'function' &&","                    'node';","            }","        }());","        // init global","        local.global = local.modeJs === 'browser'","            ? window","            : global;","        switch (local.modeJs) {","        // re-init local from window.local","        case 'browser':","            local = local.global.utility2.objectSetDefault(","                local.global.utility2_rollup || local.global.local,","                local.global.utility2","            );","            break;","        // re-init local from example.js","        case 'node':","            local = (local.global.utility2_rollup || require('utility2'))","                .requireReadme();","            break;","        }","        // export local","        local.global.local = local;","    }());","","","","    // run shared js-env code - function","    (function () {","        return;","    }());","    switch (local.modeJs) {","","","","    // run browser js-env code - function","    case 'browser':","        break;","","","","    // run node js-env code - function","    case 'node':","        break;","    }","","","","    // run shared js-env code - post-init","    (function () {","        return;","    }());","    switch (local.modeJs) {","","","","    // run browser js-env code - post-init","    case 'browser':","        local.testCase_browser_nullCase = local.testCase_browser_nullCase || function (","            options,","            onError","        ) {","        /*","         * this function will test browsers's null-case handling-behavior-behavior","         */","            onError(null, options);","        };","","        // run tests","        local.nop(local.modeTest &&","            document.querySelector('#testRunButton1') &&","            document.querySelector('#testRunButton1').click());","        break;","","","","    // run node js-env code - post-init","    /* istanbul ignore next */","    case 'node':","        local.testCase_buildApidoc_default = local.testCase_buildApidoc_default || function (","            options,","            onError","        ) {","        /*","         * this function will test buildApidoc's default handling-behavior-behavior","         */","            options = { modulePathList: module.paths };","            local.buildApidoc(options, onError);","        };","","        local.testCase_buildApp_default = local.testCase_buildApp_default || function (","            options,","            onError","        ) {","        /*","         * this function will test buildApp's default handling-behavior-behavior","         */","            local.testCase_buildReadme_default(options, local.onErrorThrow);","            local.testCase_buildLib_default(options, local.onErrorThrow);","            local.testCase_buildTest_default(options, local.onErrorThrow);","            local.testCase_buildCustomOrg_default(options, local.onErrorThrow);","            options = [];","            local.buildApp(options, onError);","        };","","        local.testCase_buildCustomOrg_default = local.testCase_buildCustomOrg_default ||","            function (options, onError) {","            /*","             * this function will test buildCustomOrg's default handling-behavior","             */","                options = {};","                local.buildCustomOrg(options, onError);","            };","","        local.testCase_buildLib_default = local.testCase_buildLib_default || function (","            options,","            onError","        ) {","        /*","         * this function will test buildLib's default handling-behavior","         */","            options = {};","            local.buildLib(options, onError);","        };","","        local.testCase_buildReadme_default = local.testCase_buildReadme_default || function (","            options,","            onError","        ) {","        /*","         * this function will test buildReadme's default handling-behavior-behavior","         */","            options = {};","            local.buildReadme(options, onError);","        };","","        local.testCase_buildTest_default = local.testCase_buildTest_default || function (","            options,","            onError","        ) {","        /*","         * this function will test buildTest's default handling-behavior","         */","            options = {};","            local.buildTest(options, onError);","        };","","        local.testCase_webpage_default = local.testCase_webpage_default || function (","            options,","            onError","        ) {","        /*","         * this function will test webpage's default handling-behavior","         */","            options = { modeCoverageMerge: true, url: local.serverLocalHost + '?modeTest=1' };","            local.browserTest(options, onError);","        };","","        // run test-server","        local.testRunServer(local);","        break;","    }","}());",""],"l":{"12":2,"14":2,"19":2,"21":2,"23":2,"24":2,"25":2,"30":1,"37":2,"40":2,"43":1,"47":1,"50":1,"52":1,"55":2,"61":2,"62":2,"64":2,"70":1,"76":1,"82":2,"83":2,"85":2,"91":1,"98":1,"102":1,"105":1,"112":1,"119":1,"120":1,"123":1,"130":1,"131":1,"132":1,"133":1,"134":1,"135":1,"138":1,"143":2,"144":2,"147":1,"154":2,"155":2,"158":1,"165":2,"166":2,"169":1,"176":2,"177":2,"180":1,"187":1,"188":1,"192":1,"193":1}},"/home/travis/build/npmtest/node-npmtest-react-facebook-login/lib.npmtest_react_facebook_login.js":{"path":"/home/travis/build/npmtest/node-npmtest-react-facebook-login/lib.npmtest_react_facebook_login.js","s":{"1":2,"2":2,"3":2,"4":2,"5":2,"6":2,"7":2,"8":1,"9":2,"10":2,"11":2,"12":2,"13":1,"14":1,"15":1,"16":1},"b":{"1":[2,1,1,1],"2":[1,1,1,1],"3":[1,1],"4":[2,2],"5":[1,1]},"f":{"1":2,"2":2,"3":2},"fnMap":{"1":{"name":"(anonymous_1)","line":12,"loc":{"start":{"line":12,"column":1},"end":{"line":12,"column":13}}},"2":{"name":"(anonymous_2)","line":19,"loc":{"start":{"line":19,"column":5},"end":{"line":19,"column":17}}},"3":{"name":"(anonymous_3)","line":23,"loc":{"start":{"line":23,"column":24},"end":{"line":23,"column":36}}}},"statementMap":{"1":{"start":{"line":12,"column":0},"end":{"line":53,"column":5}},"2":{"start":{"line":14,"column":4},"end":{"line":14,"column":14}},"3":{"start":{"line":19,"column":4},"end":{"line":52,"column":9}},"4":{"start":{"line":21,"column":8},"end":{"line":21,"column":19}},"5":{"start":{"line":23,"column":8},"end":{"line":35,"column":13}},"6":{"start":{"line":24,"column":12},"end":{"line":34,"column":13}},"7":{"start":{"line":25,"column":16},"end":{"line":28,"column":30}},"8":{"start":{"line":30,"column":16},"end":{"line":33,"column":27}},"9":{"start":{"line":37,"column":8},"end":{"line":39,"column":21}},"10":{"start":{"line":41,"column":8},"end":{"line":41,"column":54}},"11":{"start":{"line":43,"column":8},"end":{"line":43,"column":65}},"12":{"start":{"line":45,"column":8},"end":{"line":51,"column":9}},"13":{"start":{"line":46,"column":12},"end":{"line":46,"column":71}},"14":{"start":{"line":48,"column":12},"end":{"line":48,"column":35}},"15":{"start":{"line":49,"column":12},"end":{"line":49,"column":49}},"16":{"start":{"line":50,"column":12},"end":{"line":50,"column":43}}},"branchMap":{"1":{"line":25,"type":"binary-expr","locations":[{"start":{"line":25,"column":23},"end":{"line":25,"column":62}},{"start":{"line":26,"column":20},"end":{"line":26,"column":70}},{"start":{"line":27,"column":20},"end":{"line":27,"column":71}},{"start":{"line":28,"column":20},"end":{"line":28,"column":29}}]},"2":{"line":30,"type":"binary-expr","locations":[{"start":{"line":30,"column":23},"end":{"line":30,"column":37}},{"start":{"line":31,"column":20},"end":{"line":31,"column":61}},{"start":{"line":32,"column":20},"end":{"line":32,"column":70}},{"start":{"line":33,"column":20},"end":{"line":33,"column":26}}]},"3":{"line":37,"type":"cond-expr","locations":[{"start":{"line":38,"column":14},"end":{"line":38,"column":20}},{"start":{"line":39,"column":14},"end":{"line":39,"column":20}}]},"4":{"line":41,"type":"binary-expr","locations":[{"start":{"line":41,"column":16},"end":{"line":41,"column":44}},{"start":{"line":41,"column":48},"end":{"line":41,"column":53}}]},"5":{"line":45,"type":"if","locations":[{"start":{"line":45,"column":8},"end":{"line":45,"column":8}},{"start":{"line":45,"column":8},"end":{"line":45,"column":8}}]}},"code":["/* istanbul instrument in package npmtest_react_facebook_login */","/*jslint","    bitwise: true,","    browser: true,","    maxerr: 8,","    maxlen: 96,","    node: true,","    nomen: true,","    regexp: true,","    stupid: true","*/","(function () {","    'use strict';","    var local;","","","","    // run shared js-env code - pre-init","    (function () {","        // init local","        local = {};","        // init modeJs","        local.modeJs = (function () {","            try {","                return typeof navigator.userAgent === 'string' &&","                    typeof document.querySelector('body') === 'object' &&","                    typeof XMLHttpRequest.prototype.open === 'function' &&","                    'browser';","            } catch (errorCaughtBrowser) {","                return module.exports &&","                    typeof process.versions.node === 'string' &&","                    typeof require('http').createServer === 'function' &&","                    'node';","            }","        }());","        // init global","        local.global = local.modeJs === 'browser'","            ? window","            : global;","        // init utility2_rollup","        local = local.global.utility2_rollup || local;","        // init lib","        local.local = local.npmtest_react_facebook_login = local;","        // init exports","        if (local.modeJs === 'browser') {","            local.global.utility2_npmtest_react_facebook_login = local;","        } else {","            module.exports = local;","            module.exports.__dirname = __dirname;","            module.exports.module = module;","        }","    }());","}());",""],"l":{"12":2,"14":2,"19":2,"21":2,"23":2,"24":2,"25":2,"30":1,"37":2,"41":2,"43":2,"45":2,"46":1,"48":1,"49":1,"50":1}},"/home/travis/build/npmtest/node-npmtest-react-facebook-login/example.js":{"path":"/home/travis/build/npmtest/node-npmtest-react-facebook-login/example.js","s":{"1":2,"2":2,"3":2,"4":2,"5":2,"6":2,"7":2,"8":1,"9":2,"10":2,"11":2,"12":2,"13":1,"14":2,"15":2,"16":2,"17":2,"18":2,"19":0,"20":2,"21":1,"22":1,"23":1,"24":1,"25":1,"26":0,"27":0,"28":1,"29":1,"30":2,"31":0,"32":0,"33":0,"34":1,"35":2,"36":2,"37":3,"38":3,"39":3,"40":3,"41":0,"42":3,"43":3,"44":3,"45":1,"46":3,"47":1,"48":1,"49":1,"50":1,"51":1,"52":1,"53":1,"54":1,"55":1,"56":1,"57":0,"58":1,"59":6,"60":6,"61":1,"62":2,"63":0,"64":2,"65":1,"66":1,"67":0,"68":0,"69":0,"70":0,"71":0,"72":0,"73":0,"74":0,"75":0,"76":0,"77":0,"78":0,"79":0,"80":0,"81":0,"82":0,"83":0},"b":{"1":[2,1,1,1],"2":[1,1,1,1],"3":[1,1],"4":[2,2],"5":[1,1],"6":[1,1],"7":[2,0],"8":[2,1,1,1,1,1],"9":[0,2,0],"10":[1,1],"11":[2,1,1],"12":[1,0],"13":[0,2],"14":[2,0,0,0,0,0,0],"15":[0,3],"16":[3,0],"17":[1,1],"18":[0,1],"19":[1,2,0,2],"20":[1,0],"21":[1,1],"22":[0,0],"23":[0,0],"24":[0,0],"25":[0,0],"26":[0,0],"27":[0,0],"28":[0,0]},"f":{"1":2,"2":2,"3":2,"4":2,"5":2,"6":2,"7":3,"8":3,"9":3,"10":1,"11":6,"12":0},"fnMap":{"1":{"name":"(anonymous_1)","line":26,"loc":{"start":{"line":26,"column":1},"end":{"line":26,"column":13}}},"2":{"name":"(anonymous_2)","line":33,"loc":{"start":{"line":33,"column":5},"end":{"line":33,"column":17}}},"3":{"name":"(anonymous_3)","line":37,"loc":{"start":{"line":37,"column":24},"end":{"line":37,"column":36}}},"4":{"name":"(anonymous_4)","line":69,"loc":{"start":{"line":69,"column":31},"end":{"line":69,"column":48}},"skip":true},"5":{"name":"(anonymous_5)","line":78,"loc":{"start":{"line":78,"column":26},"end":{"line":78,"column":45}},"skip":true},"6":{"name":"(anonymous_6)","line":123,"loc":{"start":{"line":123,"column":33},"end":{"line":123,"column":48}},"skip":true},"7":{"name":"(anonymous_7)","line":125,"loc":{"start":{"line":125,"column":27},"end":{"line":125,"column":39}},"skip":true},"8":{"name":"(anonymous_8)","line":133,"loc":{"start":{"line":133,"column":59},"end":{"line":133,"column":74}},"skip":true},"9":{"name":"(anonymous_9)","line":143,"loc":{"start":{"line":143,"column":45},"end":{"line":143,"column":62}},"skip":true},"10":{"name":"(anonymous_10)","line":144,"loc":{"start":{"line":144,"column":73},"end":{"line":144,"column":92}},"skip":true},"11":{"name":"(anonymous_11)","line":272,"loc":{"start":{"line":272,"column":51},"end":{"line":272,"column":77}},"skip":true},"12":{"name":"(anonymous_12)","line":315,"loc":{"start":{"line":315,"column":32},"end":{"line":315,"column":61}},"skip":true}},"statementMap":{"1":{"start":{"line":26,"column":0},"end":{"line":326,"column":5}},"2":{"start":{"line":28,"column":4},"end":{"line":28,"column":14}},"3":{"start":{"line":33,"column":4},"end":{"line":60,"column":9}},"4":{"start":{"line":35,"column":8},"end":{"line":35,"column":19}},"5":{"start":{"line":37,"column":8},"end":{"line":49,"column":13}},"6":{"start":{"line":38,"column":12},"end":{"line":48,"column":13}},"7":{"start":{"line":39,"column":16},"end":{"line":42,"column":30}},"8":{"start":{"line":44,"column":16},"end":{"line":47,"column":27}},"9":{"start":{"line":51,"column":8},"end":{"line":53,"column":21}},"10":{"start":{"line":55,"column":8},"end":{"line":57,"column":45}},"11":{"start":{"line":59,"column":8},"end":{"line":59,"column":35}},"12":{"start":{"line":61,"column":4},"end":{"line":325,"column":5}},"13":{"start":{"line":69,"column":8},"end":{"line":121,"column":10},"skip":true},"14":{"start":{"line":70,"column":12},"end":{"line":88,"column":13},"skip":true},"15":{"start":{"line":76,"column":16},"end":{"line":87,"column":19},"skip":true},"16":{"start":{"line":79,"column":20},"end":{"line":86,"column":21},"skip":true},"17":{"start":{"line":82,"column":24},"end":{"line":82,"column":43},"skip":true},"18":{"start":{"line":83,"column":24},"end":{"line":83,"column":30},"skip":true},"19":{"start":{"line":85,"column":24},"end":{"line":85,"column":49},"skip":true},"20":{"start":{"line":89,"column":12},"end":{"line":107,"column":13},"skip":true},"21":{"start":{"line":92,"column":16},"end":{"line":102,"column":17},"skip":true},"22":{"start":{"line":93,"column":20},"end":{"line":93,"column":86},"skip":true},"23":{"start":{"line":94,"column":20},"end":{"line":95,"column":45},"skip":true},"24":{"start":{"line":96,"column":20},"end":{"line":96,"column":42},"skip":true},"25":{"start":{"line":97,"column":20},"end":{"line":97,"column":48},"skip":true},"26":{"start":{"line":100,"column":20},"end":{"line":100,"column":85},"skip":true},"27":{"start":{"line":101,"column":20},"end":{"line":101,"column":96},"skip":true},"28":{"start":{"line":103,"column":16},"end":{"line":103,"column":22},"skip":true},"29":{"start":{"line":106,"column":16},"end":{"line":106,"column":22},"skip":true},"30":{"start":{"line":108,"column":12},"end":{"line":120,"column":13},"skip":true},"31":{"start":{"line":114,"column":16},"end":{"line":119,"column":17},"skip":true},"32":{"start":{"line":116,"column":20},"end":{"line":116,"column":78},"skip":true},"33":{"start":{"line":118,"column":20},"end":{"line":118,"column":47},"skip":true},"34":{"start":{"line":123,"column":8},"end":{"line":141,"column":11},"skip":true},"35":{"start":{"line":124,"column":12},"end":{"line":124,"column":54},"skip":true},"36":{"start":{"line":125,"column":12},"end":{"line":140,"column":14},"skip":true},"37":{"start":{"line":126,"column":16},"end":{"line":126,"column":28},"skip":true},"38":{"start":{"line":127,"column":16},"end":{"line":127,"column":69},"skip":true},"39":{"start":{"line":128,"column":16},"end":{"line":128,"column":75},"skip":true},"40":{"start":{"line":129,"column":16},"end":{"line":131,"column":17},"skip":true},"41":{"start":{"line":130,"column":20},"end":{"line":130,"column":27},"skip":true},"42":{"start":{"line":133,"column":16},"end":{"line":137,"column":36},"skip":true},"43":{"start":{"line":134,"column":20},"end":{"line":136,"column":55},"skip":true},"44":{"start":{"line":139,"column":16},"end":{"line":139,"column":57},"skip":true},"45":{"start":{"line":143,"column":8},"end":{"line":147,"column":11},"skip":true},"46":{"start":{"line":144,"column":12},"end":{"line":146,"column":15},"skip":true},"47":{"start":{"line":145,"column":16},"end":{"line":145,"column":70},"skip":true},"48":{"start":{"line":149,"column":8},"end":{"line":149,"column":31},"skip":true},"49":{"start":{"line":150,"column":8},"end":{"line":150,"column":14},"skip":true},"50":{"start":{"line":158,"column":8},"end":{"line":158,"column":31},"skip":true},"51":{"start":{"line":160,"column":8},"end":{"line":160,"column":33},"skip":true},"52":{"start":{"line":161,"column":8},"end":{"line":161,"column":37},"skip":true},"53":{"start":{"line":162,"column":8},"end":{"line":162,"column":35},"skip":true},"54":{"start":{"line":164,"column":8},"end":{"line":164,"column":50},"skip":true},"55":{"start":{"line":166,"column":8},"end":{"line":256,"column":2},"skip":true},"56":{"start":{"line":258,"column":8},"end":{"line":286,"column":9},"skip":true},"57":{"start":{"line":259,"column":12},"end":{"line":269,"column":14},"skip":true},"58":{"start":{"line":271,"column":12},"end":{"line":285,"column":19},"skip":true},"59":{"start":{"line":274,"column":20},"end":{"line":274,"column":35},"skip":true},"60":{"start":{"line":275,"column":20},"end":{"line":284,"column":21},"skip":true},"61":{"start":{"line":277,"column":24},"end":{"line":277,"column":64},"skip":true},"62":{"start":{"line":279,"column":24},"end":{"line":279,"column":40},"skip":true},"63":{"start":{"line":281,"column":24},"end":{"line":281,"column":40},"skip":true},"64":{"start":{"line":283,"column":24},"end":{"line":283,"column":39},"skip":true},"65":{"start":{"line":288,"column":8},"end":{"line":290,"column":9},"skip":true},"66":{"start":{"line":289,"column":12},"end":{"line":289,"column":18},"skip":true},"67":{"start":{"line":291,"column":8},"end":{"line":293,"column":54},"skip":true},"68":{"start":{"line":296,"column":8},"end":{"line":301,"column":37},"skip":true},"69":{"start":{"line":303,"column":8},"end":{"line":303,"column":82},"skip":true},"70":{"start":{"line":306,"column":8},"end":{"line":308,"column":9},"skip":true},"71":{"start":{"line":307,"column":12},"end":{"line":307,"column":82},"skip":true},"72":{"start":{"line":310,"column":8},"end":{"line":312,"column":9},"skip":true},"73":{"start":{"line":311,"column":12},"end":{"line":311,"column":18},"skip":true},"74":{"start":{"line":313,"column":8},"end":{"line":313,"column":54},"skip":true},"75":{"start":{"line":314,"column":8},"end":{"line":314,"column":69},"skip":true},"76":{"start":{"line":315,"column":8},"end":{"line":323,"column":36},"skip":true},"77":{"start":{"line":316,"column":12},"end":{"line":316,"column":61},"skip":true},"78":{"start":{"line":317,"column":12},"end":{"line":320,"column":13},"skip":true},"79":{"start":{"line":318,"column":16},"end":{"line":318,"column":75},"skip":true},"80":{"start":{"line":319,"column":16},"end":{"line":319,"column":23},"skip":true},"81":{"start":{"line":321,"column":12},"end":{"line":321,"column":38},"skip":true},"82":{"start":{"line":322,"column":12},"end":{"line":322,"column":27},"skip":true},"83":{"start":{"line":324,"column":8},"end":{"line":324,"column":14},"skip":true}},"branchMap":{"1":{"line":39,"type":"binary-expr","locations":[{"start":{"line":39,"column":23},"end":{"line":39,"column":62}},{"start":{"line":40,"column":20},"end":{"line":40,"column":70}},{"start":{"line":41,"column":20},"end":{"line":41,"column":71}},{"start":{"line":42,"column":20},"end":{"line":42,"column":29}}]},"2":{"line":44,"type":"binary-expr","locations":[{"start":{"line":44,"column":23},"end":{"line":44,"column":37}},{"start":{"line":45,"column":20},"end":{"line":45,"column":61}},{"start":{"line":46,"column":20},"end":{"line":46,"column":70}},{"start":{"line":47,"column":20},"end":{"line":47,"column":26}}]},"3":{"line":51,"type":"cond-expr","locations":[{"start":{"line":52,"column":14},"end":{"line":52,"column":20}},{"start":{"line":53,"column":14},"end":{"line":53,"column":20}}]},"4":{"line":55,"type":"binary-expr","locations":[{"start":{"line":55,"column":16},"end":{"line":55,"column":44}},{"start":{"line":55,"column":49},"end":{"line":57,"column":43}}]},"5":{"line":55,"type":"cond-expr","locations":[{"start":{"line":56,"column":14},"end":{"line":56,"column":64}},{"start":{"line":57,"column":14},"end":{"line":57,"column":43}}]},"6":{"line":61,"type":"switch","locations":[{"start":{"line":68,"column":4},"end":{"line":150,"column":14},"skip":true},{"start":{"line":156,"column":4},"end":{"line":324,"column":14},"skip":true}]},"7":{"line":70,"type":"if","locations":[{"start":{"line":70,"column":12},"end":{"line":70,"column":12},"skip":true},{"start":{"line":70,"column":12},"end":{"line":70,"column":12},"skip":true}]},"8":{"line":70,"type":"binary-expr","locations":[{"start":{"line":70,"column":16},"end":{"line":70,"column":22},"skip":true},{"start":{"line":70,"column":27},"end":{"line":70,"column":32},"skip":true},{"start":{"line":71,"column":20},"end":{"line":71,"column":39},"skip":true},{"start":{"line":72,"column":20},"end":{"line":72,"column":49},"skip":true},{"start":{"line":73,"column":20},"end":{"line":73,"column":58},"skip":true},{"start":{"line":74,"column":20},"end":{"line":74,"column":69},"skip":true}]},"9":{"line":79,"type":"switch","locations":[{"start":{"line":80,"column":20},"end":{"line":80,"column":33},"skip":true},{"start":{"line":81,"column":20},"end":{"line":83,"column":30},"skip":true},{"start":{"line":84,"column":20},"end":{"line":85,"column":49},"skip":true}]},"10":{"line":89,"type":"switch","locations":[{"start":{"line":90,"column":12},"end":{"line":103,"column":22},"skip":true},{"start":{"line":105,"column":12},"end":{"line":106,"column":22},"skip":true}]},"11":{"line":89,"type":"binary-expr","locations":[{"start":{"line":89,"column":20},"end":{"line":89,"column":25},"skip":true},{"start":{"line":89,"column":29},"end":{"line":89,"column":48},"skip":true},{"start":{"line":89,"column":52},"end":{"line":89,"column":74},"skip":true}]},"12":{"line":92,"type":"if","locations":[{"start":{"line":92,"column":16},"end":{"line":92,"column":16},"skip":true},{"start":{"line":92,"column":16},"end":{"line":92,"column":16},"skip":true}]},"13":{"line":108,"type":"if","locations":[{"start":{"line":108,"column":12},"end":{"line":108,"column":12},"skip":true},{"start":{"line":108,"column":12},"end":{"line":108,"column":12},"skip":true}]},"14":{"line":108,"type":"binary-expr","locations":[{"start":{"line":108,"column":16},"end":{"line":108,"column":61},"skip":true},{"start":{"line":108,"column":66},"end":{"line":108,"column":72},"skip":true},{"start":{"line":108,"column":77},"end":{"line":108,"column":82},"skip":true},{"start":{"line":109,"column":20},"end":{"line":109,"column":39},"skip":true},{"start":{"line":110,"column":20},"end":{"line":110,"column":49},"skip":true},{"start":{"line":111,"column":20},"end":{"line":111,"column":58},"skip":true},{"start":{"line":112,"column":20},"end":{"line":112,"column":68},"skip":true}]},"15":{"line":129,"type":"if","locations":[{"start":{"line":129,"column":16},"end":{"line":129,"column":16},"skip":true},{"start":{"line":129,"column":16},"end":{"line":129,"column":16},"skip":true}]},"16":{"line":134,"type":"cond-expr","locations":[{"start":{"line":135,"column":26},"end":{"line":135,"column":29},"skip":true},{"start":{"line":136,"column":26},"end":{"line":136,"column":54},"skip":true}]},"17":{"line":164,"type":"binary-expr","locations":[{"start":{"line":164,"column":27},"end":{"line":164,"column":43},"skip":true},{"start":{"line":164,"column":47},"end":{"line":164,"column":49},"skip":true}]},"18":{"line":258,"type":"if","locations":[{"start":{"line":258,"column":8},"end":{"line":258,"column":8},"skip":true},{"start":{"line":258,"column":8},"end":{"line":258,"column":8},"skip":true}]},"19":{"line":275,"type":"switch","locations":[{"start":{"line":276,"column":20},"end":{"line":277,"column":64},"skip":true},{"start":{"line":278,"column":20},"end":{"line":279,"column":40},"skip":true},{"start":{"line":280,"column":20},"end":{"line":281,"column":40},"skip":true},{"start":{"line":282,"column":20},"end":{"line":283,"column":39},"skip":true}]},"20":{"line":288,"type":"if","locations":[{"start":{"line":288,"column":8},"end":{"line":288,"column":8},"skip":true},{"start":{"line":288,"column":8},"end":{"line":288,"column":8},"skip":true}]},"21":{"line":288,"type":"binary-expr","locations":[{"start":{"line":288,"column":12},"end":{"line":288,"column":40},"skip":true},{"start":{"line":288,"column":44},"end":{"line":288,"column":67},"skip":true}]},"22":{"line":292,"type":"binary-expr","locations":[{"start":{"line":292,"column":12},"end":{"line":292,"column":50},"skip":true},{"start":{"line":293,"column":12},"end":{"line":293,"column":53},"skip":true}]},"23":{"line":297,"type":"binary-expr","locations":[{"start":{"line":297,"column":12},"end":{"line":297,"column":78},"skip":true},{"start":{"line":298,"column":12},"end":{"line":301,"column":36},"skip":true}]},"24":{"line":303,"type":"binary-expr","locations":[{"start":{"line":303,"column":43},"end":{"line":303,"column":75},"skip":true},{"start":{"line":303,"column":79},"end":{"line":303,"column":81},"skip":true}]},"25":{"line":306,"type":"if","locations":[{"start":{"line":306,"column":8},"end":{"line":306,"column":8},"skip":true},{"start":{"line":306,"column":8},"end":{"line":306,"column":8},"skip":true}]},"26":{"line":310,"type":"if","locations":[{"start":{"line":310,"column":8},"end":{"line":310,"column":8},"skip":true},{"start":{"line":310,"column":8},"end":{"line":310,"column":8},"skip":true}]},"27":{"line":313,"type":"binary-expr","locations":[{"start":{"line":313,"column":27},"end":{"line":313,"column":43},"skip":true},{"start":{"line":313,"column":47},"end":{"line":313,"column":53},"skip":true}]},"28":{"line":317,"type":"if","locations":[{"start":{"line":317,"column":12},"end":{"line":317,"column":12},"skip":true},{"start":{"line":317,"column":12},"end":{"line":317,"column":12},"skip":true}]}},"code":["/*","example.js","","quickstart example","","instruction","    1. save this script as example.js","    2. run the shell command:","        $ npm install npmtest-react-facebook-login && PORT=8081 node example.js","    3. play with the browser-demo on http://127.0.0.1:8081","*/","","","","/* istanbul instrument in package npmtest_react_facebook_login */","/*jslint","    bitwise: true,","    browser: true,","    maxerr: 8,","    maxlen: 96,","    node: true,","    nomen: true,","    regexp: true,","    stupid: true","*/","(function () {","    'use strict';","    var local;","","","","    // run shared js-env code - pre-init","    (function () {","        // init local","        local = {};","        // init modeJs","        local.modeJs = (function () {","            try {","                return typeof navigator.userAgent === 'string' &&","                    typeof document.querySelector('body') === 'object' &&","                    typeof XMLHttpRequest.prototype.open === 'function' &&","                    'browser';","            } catch (errorCaughtBrowser) {","                return module.exports &&","                    typeof process.versions.node === 'string' &&","                    typeof require('http').createServer === 'function' &&","                    'node';","            }","        }());","        // init global","        local.global = local.modeJs === 'browser'","            ? window","            : global;","        // init utility2_rollup","        local = local.global.utility2_rollup || (local.modeJs === 'browser'","            ? local.global.utility2_npmtest_react_facebook_login","            : global.utility2_moduleExports);","        // export local","        local.global.local = local;","    }());","    switch (local.modeJs) {","","","","    // post-init","    // run browser js-env code - post-init","    /* istanbul ignore next */","    case 'browser':","        local.testRunBrowser = function (event) {","            if (!event || (event &&","                    event.currentTarget &&","                    event.currentTarget.className &&","                    event.currentTarget.className.includes &&","                    event.currentTarget.className.includes('onreset'))) {","                // reset output","                Array.from(","                    document.querySelectorAll('body > .resettable')","                ).forEach(function (element) {","                    switch (element.tagName) {","                    case 'INPUT':","                    case 'TEXTAREA':","                        element.value = '';","                        break;","                    default:","                        element.textContent = '';","                    }","                });","            }","            switch (event && event.currentTarget && event.currentTarget.id) {","            case 'testRunButton1':","                // show tests","                if (document.querySelector('#testReportDiv1').style.display === 'none') {","                    document.querySelector('#testReportDiv1').style.display = 'block';","                    document.querySelector('#testRunButton1').textContent =","                        'hide internal test';","                    local.modeTest = true;","                    local.testRunDefault(local);","                // hide tests","                } else {","                    document.querySelector('#testReportDiv1').style.display = 'none';","                    document.querySelector('#testRunButton1').textContent = 'run internal test';","                }","                break;","            // custom-case","            default:","                break;","            }","            if (document.querySelector('#inputTextareaEval1') && (!event || (event &&","                    event.currentTarget &&","                    event.currentTarget.className &&","                    event.currentTarget.className.includes &&","                    event.currentTarget.className.includes('oneval')))) {","                // try to eval input-code","                try {","                    /*jslint evil: true*/","                    eval(document.querySelector('#inputTextareaEval1').value);","                } catch (errorCaught) {","                    console.error(errorCaught);","                }","            }","        };","        // log stderr and stdout to #outputTextareaStdout1","        ['error', 'log'].forEach(function (key) {","            console[key + '_original'] = console[key];","            console[key] = function () {","                var element;","                console[key + '_original'].apply(console, arguments);","                element = document.querySelector('#outputTextareaStdout1');","                if (!element) {","                    return;","                }","                // append text to #outputTextareaStdout1","                element.value += Array.from(arguments).map(function (arg) {","                    return typeof arg === 'string'","                        ? arg","                        : JSON.stringify(arg, null, 4);","                }).join(' ') + '\\n';","                // scroll textarea to bottom","                element.scrollTop = element.scrollHeight;","            };","        });","        // init event-handling","        ['change', 'click', 'keyup'].forEach(function (event) {","            Array.from(document.querySelectorAll('.on' + event)).forEach(function (element) {","                element.addEventListener(event, local.testRunBrowser);","            });","        });","        // run tests","        local.testRunBrowser();","        break;","","","","    // run node js-env code - post-init","    /* istanbul ignore next */","    case 'node':","        // export local","        module.exports = local;","        // require modules","        local.fs = require('fs');","        local.http = require('http');","        local.url = require('url');","        // init assets","        local.assetsDict = local.assetsDict || {};","        /* jslint-ignore-begin */","        local.assetsDict['/assets.index.template.html'] = '\\","<!doctype html>\\n\\","<html lang=\"en\">\\n\\","<head>\\n\\","<meta charset=\"UTF-8\">\\n\\","<meta name=\"viewport\" content=\"width=device-width, initial-scale=1\">\\n\\","<title>{{env.npm_package_name}} (v{{env.npm_package_version}})</title>\\n\\","<style>\\n\\","/*csslint\\n\\","    box-sizing: false,\\n\\","    universal-selector: false\\n\\","*/\\n\\","* {\\n\\","    box-sizing: border-box;\\n\\","}\\n\\","body {\\n\\","    background: #dde;\\n\\","    font-family: Arial, Helvetica, sans-serif;\\n\\","    margin: 2rem;\\n\\","}\\n\\","body > * {\\n\\","    margin-bottom: 1rem;\\n\\","}\\n\\",".utility2FooterDiv {\\n\\","    margin-top: 20px;\\n\\","    text-align: center;\\n\\","}\\n\\","</style>\\n\\","<style>\\n\\","/*csslint\\n\\","*/\\n\\","textarea {\\n\\","    font-family: monospace;\\n\\","    height: 10rem;\\n\\","    width: 100%;\\n\\","}\\n\\","textarea[readonly] {\\n\\","    background: #ddd;\\n\\","}\\n\\","</style>\\n\\","</head>\\n\\","<body>\\n\\","<!-- utility2-comment\\n\\","<div id=\"ajaxProgressDiv1\" style=\"background: #d00; height: 2px; left: 0; margin: 0; padding: 0; position: fixed; top: 0; transition: background 0.5s, width 1.5s; width: 25%;\"></div>\\n\\","utility2-comment -->\\n\\","<h1>\\n\\","<!-- utility2-comment\\n\\","    <a\\n\\","        {{#if env.npm_package_homepage}}\\n\\","        href=\"{{env.npm_package_homepage}}\"\\n\\","        {{/if env.npm_package_homepage}}\\n\\","        target=\"_blank\"\\n\\","    >\\n\\","utility2-comment -->\\n\\","        {{env.npm_package_name}} (v{{env.npm_package_version}})\\n\\","<!-- utility2-comment\\n\\","    </a>\\n\\","utility2-comment -->\\n\\","</h1>\\n\\","<h3>{{env.npm_package_description}}</h3>\\n\\","<!-- utility2-comment\\n\\","<h4><a download href=\"assets.app.js\">download standalone app</a></h4>\\n\\","<button class=\"onclick onreset\" id=\"testRunButton1\">run internal test</button><br>\\n\\","<div id=\"testReportDiv1\" style=\"display: none;\"></div>\\n\\","utility2-comment -->\\n\\","\\n\\","\\n\\","\\n\\","<label>stderr and stdout</label>\\n\\","<textarea class=\"resettable\" id=\"outputTextareaStdout1\" readonly></textarea>\\n\\","<!-- utility2-comment\\n\\","{{#if isRollup}}\\n\\","<script src=\"assets.app.js\"></script>\\n\\","{{#unless isRollup}}\\n\\","utility2-comment -->\\n\\","<script src=\"assets.utility2.rollup.js\"></script>\\n\\","<script src=\"jsonp.utility2._stateInit?callback=window.utility2._stateInit\"></script>\\n\\","<script src=\"assets.npmtest_react_facebook_login.rollup.js\"></script>\\n\\","<script src=\"assets.example.js\"></script>\\n\\","<script src=\"assets.test.js\"></script>\\n\\","<!-- utility2-comment\\n\\","{{/if isRollup}}\\n\\","utility2-comment -->\\n\\","<div class=\"utility2FooterDiv\">\\n\\","    [ this app was created with\\n\\","    <a href=\"https://github.com/kaizhu256/node-utility2\" target=\"_blank\">utility2</a>\\n\\","    ]\\n\\","</div>\\n\\","</body>\\n\\","</html>\\n\\","';","        /* jslint-ignore-end */","        if (local.templateRender) {","            local.assetsDict['/'] = local.templateRender(","                local.assetsDict['/assets.index.template.html'],","                {","                    env: local.objectSetDefault(local.env, {","                        npm_package_description: 'the greatest app in the world!',","                        npm_package_name: 'my-app',","                        npm_package_nameAlias: 'my_app',","                        npm_package_version: '0.0.1'","                    })","                }","            );","        } else {","            local.assetsDict['/'] = local.assetsDict['/assets.index.template.html']","                .replace((/\\{\\{env\\.(\\w+?)\\}\\}/g), function (match0, match1) {","                    // jslint-hack","                    String(match0);","                    switch (match1) {","                    case 'npm_package_description':","                        return 'the greatest app in the world!';","                    case 'npm_package_name':","                        return 'my-app';","                    case 'npm_package_nameAlias':","                        return 'my_app';","                    case 'npm_package_version':","                        return '0.0.1';","                    }","                });","        }","        // run the cli","        if (local.global.utility2_rollup || module !== require.main) {","            break;","        }","        local.assetsDict['/assets.example.js'] =","            local.assetsDict['/assets.example.js'] ||","            local.fs.readFileSync(__filename, 'utf8');","        // bug-workaround - long $npm_package_buildCustomOrg","        /* jslint-ignore-begin */","        local.assetsDict['/assets.npmtest_react_facebook_login.rollup.js'] =","            local.assetsDict['/assets.npmtest_react_facebook_login.rollup.js'] ||","            local.fs.readFileSync(","                local.npmtest_react_facebook_login.__dirname + '/lib.npmtest_react_facebook_login.js',","                'utf8'","            ).replace((/^#!/), '//');","        /* jslint-ignore-end */","        local.assetsDict['/favicon.ico'] = local.assetsDict['/favicon.ico'] || '';","        // if $npm_config_timeout_exit exists,","        // then exit this process after $npm_config_timeout_exit ms","        if (Number(process.env.npm_config_timeout_exit)) {","            setTimeout(process.exit, Number(process.env.npm_config_timeout_exit));","        }","        // start server","        if (local.global.utility2_serverHttp1) {","            break;","        }","        process.env.PORT = process.env.PORT || '8081';","        console.error('server starting on port ' + process.env.PORT);","        local.http.createServer(function (request, response) {","            request.urlParsed = local.url.parse(request.url);","            if (local.assetsDict[request.urlParsed.pathname] !== undefined) {","                response.end(local.assetsDict[request.urlParsed.pathname]);","                return;","            }","            response.statusCode = 404;","            response.end();","        }).listen(process.env.PORT);","        break;","    }","}());",""],"l":{"26":2,"28":2,"33":2,"35":2,"37":2,"38":2,"39":2,"44":1,"51":2,"55":2,"59":2,"61":2,"69":1,"70":2,"76":2,"79":2,"82":2,"83":2,"85":1,"89":2,"92":1,"93":1,"94":1,"96":1,"97":1,"100":1,"101":1,"103":1,"106":1,"108":2,"114":1,"116":1,"118":1,"123":1,"124":2,"125":2,"126":3,"127":3,"128":3,"129":3,"130":1,"133":3,"134":3,"139":3,"143":1,"144":3,"145":1,"149":1,"150":1,"158":1,"160":1,"161":1,"162":1,"164":1,"166":1,"258":1,"259":1,"271":1,"274":6,"275":6,"277":1,"279":2,"281":1,"283":2,"288":1,"289":1,"291":1,"296":1,"303":1,"306":1,"307":1,"310":1,"311":1,"313":1,"314":1,"315":1,"316":1,"317":1,"318":1,"319":1,"321":1,"322":1,"324":1}},"/home/travis/build/npmtest/node-npmtest-react-facebook-login/node_modules/react-facebook-login/dist/facebook-login.js":{"path":"/home/travis/build/npmtest/node-npmtest-react-facebook-login/node_modules/react-facebook-login/dist/facebook-login.js","s":{"1":1,"2":1,"3":1,"4":1,"5":7,"6":0,"7":7,"8":7,"9":1,"10":1,"11":1,"12":1,"13":3,"14":1,"15":0,"16":0,"17":1,"18":0,"19":0,"20":0,"21":1,"22":1,"23":0,"24":1,"25":1,"26":1,"27":0,"28":0,"29":0,"30":0,"31":0,"32":1,"33":1,"34":9,"35":9,"36":1,"37":1,"38":1,"39":1,"40":1,"41":1,"42":1,"43":0,"44":0,"45":0,"46":0,"47":0,"48":0,"49":0,"50":0,"51":0,"52":0,"53":0,"54":0,"55":0,"56":0,"57":0,"58":0,"59":1,"60":0,"61":0,"62":0,"63":0,"64":0,"65":0,"66":0,"67":0,"68":0,"69":0,"70":0,"71":0,"72":0,"73":0,"74":0,"75":0,"76":0,"77":0,"78":0,"79":0,"80":0,"81":1,"82":1,"83":1,"84":1,"85":1,"86":1,"87":1,"88":0,"89":0,"90":0,"91":0,"92":1,"93":1,"94":1,"95":1,"96":0,"97":0,"98":0,"99":0,"100":0,"101":0,"102":0,"103":0,"104":0,"105":0,"106":0,"107":1},"b":{"1":[1,0],"2":[1,1],"3":[0,0],"4":[0,0],"5":[0,0],"6":[0,7],"7":[1,2],"8":[3,3],"9":[0,0],"10":[0,0],"11":[0,0],"12":[0,0,0],"13":[0,1],"14":[1,0],"15":[1,1],"16":[1,1],"17":[1,0],"18":[1,0],"19":[0,0],"20":[9,9],"21":[9,9],"22":[1,1],"23":[1,0],"24":[1,0,0,0],"25":[0,0],"26":[0,0],"27":[0,0],"28":[0,0],"29":[0,0],"30":[0,0,0],"31":[0,0],"32":[0,0],"33":[0,0],"34":[0,0],"35":[0,0],"36":[0,0],"37":[0,0],"38":[0,0,0],"39":[0,0],"40":[0,0],"41":[0,0,0,0],"42":[0,0],"43":[0,0,0],"44":[0,0,0],"45":[0,1],"46":[1,0],"47":[1,1],"48":[0,0],"49":[0,0],"50":[0,0],"51":[0,0],"52":[0,0,0],"53":[0,0],"54":[0,0],"55":[0,0]},"f":{"1":1,"2":1,"3":1,"4":7,"5":1,"6":1,"7":3,"8":0,"9":0,"10":1,"11":0,"12":1,"13":1,"14":1,"15":1,"16":1,"17":0,"18":0,"19":0,"20":0,"21":0,"22":0,"23":0,"24":0,"25":0,"26":0,"27":0,"28":0,"29":0,"30":0,"31":0,"32":0,"33":0,"34":0,"35":1,"36":1,"37":1,"38":0,"39":1,"40":1,"41":1,"42":0,"43":0,"44":1},"fnMap":{"1":{"name":"(anonymous_1)","line":1,"loc":{"start":{"line":1,"column":1},"end":{"line":1,"column":14}}},"2":{"name":"(anonymous_2)","line":1,"loc":{"start":{"line":1,"column":258},"end":{"line":1,"column":269}}},"3":{"name":"(anonymous_3)","line":1,"loc":{"start":{"line":1,"column":277},"end":{"line":1,"column":288}}},"4":{"name":"t","line":1,"loc":{"start":{"line":1,"column":289},"end":{"line":1,"column":302}}},"5":{"name":"(anonymous_5)","line":1,"loc":{"start":{"line":1,"column":476},"end":{"line":1,"column":491}}},"6":{"name":"(anonymous_6)","line":1,"loc":{"start":{"line":1,"column":508},"end":{"line":1,"column":523}}},"7":{"name":"n","line":1,"loc":{"start":{"line":1,"column":537},"end":{"line":1,"column":550}}},"8":{"name":"i","line":1,"loc":{"start":{"line":1,"column":590},"end":{"line":1,"column":605}}},"9":{"name":"r","line":1,"loc":{"start":{"line":1,"column":684},"end":{"line":1,"column":699}}},"10":{"name":"s","line":1,"loc":{"start":{"line":1,"column":847},"end":{"line":1,"column":862}}},"11":{"name":"(anonymous_11)","line":1,"loc":{"start":{"line":1,"column":1232},"end":{"line":1,"column":1243}}},"12":{"name":"(anonymous_12)","line":1,"loc":{"start":{"line":1,"column":1381},"end":{"line":1,"column":1391}}},"13":{"name":"e","line":1,"loc":{"start":{"line":1,"column":1392},"end":{"line":1,"column":1407}}},"14":{"name":"(anonymous_14)","line":1,"loc":{"start":{"line":1,"column":1565},"end":{"line":1,"column":1580}}},"15":{"name":"(anonymous_15)","line":1,"loc":{"start":{"line":1,"column":1668},"end":{"line":1,"column":1678}}},"16":{"name":"(anonymous_16)","line":1,"loc":{"start":{"line":1,"column":1836},"end":{"line":1,"column":1847}}},"17":{"name":"t","line":1,"loc":{"start":{"line":1,"column":1848},"end":{"line":1,"column":1860}}},"18":{"name":"(anonymous_18)","line":1,"loc":{"start":{"line":1,"column":2098},"end":{"line":1,"column":2109}}},"19":{"name":"(anonymous_19)","line":1,"loc":{"start":{"line":1,"column":2154},"end":{"line":1,"column":2165}}},"20":{"name":"(anonymous_20)","line":1,"loc":{"start":{"line":1,"column":2214},"end":{"line":1,"column":2225}}},"21":{"name":"(anonymous_21)","line":1,"loc":{"start":{"line":1,"column":2390},"end":{"line":1,"column":2401}}},"22":{"name":"(anonymous_22)","line":1,"loc":{"start":{"line":1,"column":2462},"end":{"line":1,"column":2473}}},"23":{"name":"(anonymous_23)","line":1,"loc":{"start":{"line":1,"column":2516},"end":{"line":1,"column":2526}}},"24":{"name":"(anonymous_24)","line":1,"loc":{"start":{"line":1,"column":3085},"end":{"line":1,"column":3095}}},"25":{"name":"(anonymous_25)","line":1,"loc":{"start":{"line":1,"column":3398},"end":{"line":1,"column":3408}}},"26":{"name":"(anonymous_26)","line":1,"loc":{"start":{"line":1,"column":3461},"end":{"line":1,"column":3472}}},"27":{"name":"(anonymous_27)","line":1,"loc":{"start":{"line":1,"column":3537},"end":{"line":1,"column":3547}}},"28":{"name":"(anonymous_28)","line":1,"loc":{"start":{"line":1,"column":3647},"end":{"line":1,"column":3657}}},"29":{"name":"(anonymous_29)","line":1,"loc":{"start":{"line":1,"column":3886},"end":{"line":1,"column":3896}}},"30":{"name":"(anonymous_30)","line":1,"loc":{"start":{"line":1,"column":3966},"end":{"line":1,"column":3976}}},"31":{"name":"(anonymous_31)","line":1,"loc":{"start":{"line":1,"column":4004},"end":{"line":1,"column":4019}}},"32":{"name":"(anonymous_32)","line":1,"loc":{"start":{"line":1,"column":4247},"end":{"line":1,"column":4257}}},"33":{"name":"(anonymous_33)","line":1,"loc":{"start":{"line":1,"column":4449},"end":{"line":1,"column":4459}}},"34":{"name":"(anonymous_34)","line":1,"loc":{"start":{"line":1,"column":4643},"end":{"line":1,"column":4653}}},"35":{"name":"(anonymous_35)","line":1,"loc":{"start":{"line":1,"column":6248},"end":{"line":1,"column":6263}}},"36":{"name":"n","line":1,"loc":{"start":{"line":1,"column":6277},"end":{"line":1,"column":6290}}},"37":{"name":"(anonymous_37)","line":1,"loc":{"start":{"line":1,"column":6444},"end":{"line":1,"column":6457}}},"38":{"name":"(anonymous_38)","line":1,"loc":{"start":{"line":1,"column":6533},"end":{"line":1,"column":6544}}},"39":{"name":"(anonymous_39)","line":1,"loc":{"start":{"line":1,"column":6631},"end":{"line":1,"column":6646}}},"40":{"name":"(anonymous_40)","line":1,"loc":{"start":{"line":1,"column":7497},"end":{"line":1,"column":7510}}},"41":{"name":"(anonymous_41)","line":1,"loc":{"start":{"line":1,"column":7521},"end":{"line":1,"column":7531}}},"42":{"name":"(anonymous_42)","line":1,"loc":{"start":{"line":1,"column":7559},"end":{"line":1,"column":7569}}},"43":{"name":"(anonymous_43)","line":1,"loc":{"start":{"line":1,"column":7697},"end":{"line":1,"column":7710}}},"44":{"name":"(anonymous_44)","line":1,"loc":{"start":{"line":1,"column":7968},"end":{"line":1,"column":7981}}}},"statementMap":{"1":{"start":{"line":1,"column":0},"end":{"line":1,"column":7999}},"2":{"start":{"line":1,"column":15},"end":{"line":1,"column":251}},"3":{"start":{"line":1,"column":270},"end":{"line":1,"column":7996}},"4":{"start":{"line":1,"column":289},"end":{"line":1,"column":434}},"5":{"start":{"line":1,"column":303},"end":{"line":1,"column":331}},"6":{"start":{"line":1,"column":311},"end":{"line":1,"column":331}},"7":{"start":{"line":1,"column":331},"end":{"line":1,"column":370}},"8":{"start":{"line":1,"column":370},"end":{"line":1,"column":433}},"9":{"start":{"line":1,"column":434},"end":{"line":1,"column":443}},"10":{"start":{"line":1,"column":443},"end":{"line":1,"column":473}},"11":{"start":{"line":1,"column":492},"end":{"line":1,"column":506}},"12":{"start":{"line":1,"column":537},"end":{"line":1,"column":590}},"13":{"start":{"line":1,"column":551},"end":{"line":1,"column":589}},"14":{"start":{"line":1,"column":590},"end":{"line":1,"column":684}},"15":{"start":{"line":1,"column":606},"end":{"line":1,"column":683}},"16":{"start":{"line":1,"column":627},"end":{"line":1,"column":683}},"17":{"start":{"line":1,"column":684},"end":{"line":1,"column":847}},"18":{"start":{"line":1,"column":700},"end":{"line":1,"column":792}},"19":{"start":{"line":1,"column":706},"end":{"line":1,"column":792}},"20":{"start":{"line":1,"column":792},"end":{"line":1,"column":846}},"21":{"start":{"line":1,"column":847},"end":{"line":1,"column":1162}},"22":{"start":{"line":1,"column":863},"end":{"line":1,"column":986}},"23":{"start":{"line":1,"column":897},"end":{"line":1,"column":986}},"24":{"start":{"line":1,"column":986},"end":{"line":1,"column":1161}},"25":{"start":{"line":1,"column":1162},"end":{"line":1,"column":1211}},"26":{"start":{"line":1,"column":1211},"end":{"line":1,"column":5185}},"27":{"start":{"line":1,"column":1244},"end":{"line":1,"column":1369}},"28":{"start":{"line":1,"column":1280},"end":{"line":1,"column":1299}},"29":{"start":{"line":1,"column":1299},"end":{"line":1,"column":1368}},"30":{"start":{"line":1,"column":1314},"end":{"line":1,"column":1368}},"31":{"start":{"line":1,"column":1369},"end":{"line":1,"column":1377}},"32":{"start":{"line":1,"column":1392},"end":{"line":1,"column":1558}},"33":{"start":{"line":1,"column":1408},"end":{"line":1,"column":1557}},"34":{"start":{"line":1,"column":1436},"end":{"line":1,"column":1447}},"35":{"start":{"line":1,"column":1447},"end":{"line":1,"column":1556}},"36":{"start":{"line":1,"column":1558},"end":{"line":1,"column":1620}},"37":{"start":{"line":1,"column":1581},"end":{"line":1,"column":1619}},"38":{"start":{"line":1,"column":1679},"end":{"line":1,"column":1688}},"39":{"start":{"line":1,"column":1688},"end":{"line":1,"column":1824}},"40":{"start":{"line":1,"column":1692},"end":{"line":1,"column":1813}},"41":{"start":{"line":1,"column":1824},"end":{"line":1,"column":1832}},"42":{"start":{"line":1,"column":1848},"end":{"line":1,"column":3035}},"43":{"start":{"line":1,"column":1861},"end":{"line":1,"column":1873}},"44":{"start":{"line":1,"column":1873},"end":{"line":1,"column":1883}},"45":{"start":{"line":1,"column":1883},"end":{"line":1,"column":1951}},"46":{"start":{"line":1,"column":1933},"end":{"line":1,"column":1951}},"47":{"start":{"line":1,"column":1951},"end":{"line":1,"column":3034}},"48":{"start":{"line":1,"column":2110},"end":{"line":1,"column":2194}},"49":{"start":{"line":1,"column":2166},"end":{"line":1,"column":2192}},"50":{"start":{"line":1,"column":2226},"end":{"line":1,"column":2363}},"51":{"start":{"line":1,"column":2402},"end":{"line":1,"column":2506}},"52":{"start":{"line":1,"column":2474},"end":{"line":1,"column":2501}},"53":{"start":{"line":1,"column":2527},"end":{"line":1,"column":3022}},"54":{"start":{"line":1,"column":2595},"end":{"line":1,"column":2625}},"55":{"start":{"line":1,"column":2625},"end":{"line":1,"column":2732}},"56":{"start":{"line":1,"column":2732},"end":{"line":1,"column":2758}},"57":{"start":{"line":1,"column":2758},"end":{"line":1,"column":2824}},"58":{"start":{"line":1,"column":2824},"end":{"line":1,"column":3021}},"59":{"start":{"line":1,"column":3035},"end":{"line":1,"column":5159}},"60":{"start":{"line":1,"column":3096},"end":{"line":1,"column":3170}},"61":{"start":{"line":1,"column":3141},"end":{"line":1,"column":3170}},"62":{"start":{"line":1,"column":3170},"end":{"line":1,"column":3221}},"63":{"start":{"line":1,"column":3221},"end":{"line":1,"column":3262}},"64":{"start":{"line":1,"column":3262},"end":{"line":1,"column":3361}},"65":{"start":{"line":1,"column":3409},"end":{"line":1,"column":3427}},"66":{"start":{"line":1,"column":3473},"end":{"line":1,"column":3506}},"67":{"start":{"line":1,"column":3548},"end":{"line":1,"column":3628}},"68":{"start":{"line":1,"column":3628},"end":{"line":1,"column":3860}},"69":{"start":{"line":1,"column":3658},"end":{"line":1,"column":3859}},"70":{"start":{"line":1,"column":3897},"end":{"line":1,"column":3928}},"71":{"start":{"line":1,"column":3977},"end":{"line":1,"column":4003}},"72":{"start":{"line":1,"column":4003},"end":{"line":1,"column":4225}},"73":{"start":{"line":1,"column":4020},"end":{"line":1,"column":4063}},"74":{"start":{"line":1,"column":4063},"end":{"line":1,"column":4188}},"75":{"start":{"line":1,"column":4258},"end":{"line":1,"column":4303}},"76":{"start":{"line":1,"column":4303},"end":{"line":1,"column":4418}},"77":{"start":{"line":1,"column":4460},"end":{"line":1,"column":4494}},"78":{"start":{"line":1,"column":4494},"end":{"line":1,"column":4620}},"79":{"start":{"line":1,"column":4654},"end":{"line":1,"column":4769}},"80":{"start":{"line":1,"column":4769},"end":{"line":1,"column":5153}},"81":{"start":{"line":1,"column":5185},"end":{"line":1,"column":6246}},"82":{"start":{"line":1,"column":6277},"end":{"line":1,"column":6330}},"83":{"start":{"line":1,"column":6291},"end":{"line":1,"column":6329}},"84":{"start":{"line":1,"column":6330},"end":{"line":1,"column":6399}},"85":{"start":{"line":1,"column":6399},"end":{"line":1,"column":6417}},"86":{"start":{"line":1,"column":6417},"end":{"line":1,"column":6442}},"87":{"start":{"line":1,"column":6471},"end":{"line":1,"column":6629}},"88":{"start":{"line":1,"column":6545},"end":{"line":1,"column":6554}},"89":{"start":{"line":1,"column":6554},"end":{"line":1,"column":6620}},"90":{"start":{"line":1,"column":6569},"end":{"line":1,"column":6620}},"91":{"start":{"line":1,"column":6620},"end":{"line":1,"column":6628}},"92":{"start":{"line":1,"column":6647},"end":{"line":1,"column":7495}},"93":{"start":{"line":1,"column":7511},"end":{"line":1,"column":7966}},"94":{"start":{"line":1,"column":7532},"end":{"line":1,"column":7541}},"95":{"start":{"line":1,"column":7541},"end":{"line":1,"column":7965}},"96":{"start":{"line":1,"column":7570},"end":{"line":1,"column":7674}},"97":{"start":{"line":1,"column":7606},"end":{"line":1,"column":7620}},"98":{"start":{"line":1,"column":7620},"end":{"line":1,"column":7673}},"99":{"start":{"line":1,"column":7674},"end":{"line":1,"column":7691}},"100":{"start":{"line":1,"column":7711},"end":{"line":1,"column":7749}},"101":{"start":{"line":1,"column":7749},"end":{"line":1,"column":7832}},"102":{"start":{"line":1,"column":7785},"end":{"line":1,"column":7802}},"103":{"start":{"line":1,"column":7802},"end":{"line":1,"column":7831}},"104":{"start":{"line":1,"column":7832},"end":{"line":1,"column":7962}},"105":{"start":{"line":1,"column":7856},"end":{"line":1,"column":7867}},"106":{"start":{"line":1,"column":7867},"end":{"line":1,"column":7961}},"107":{"start":{"line":1,"column":7982},"end":{"line":1,"column":7993}}},"branchMap":{"1":{"line":1,"type":"cond-expr","locations":[{"start":{"line":1,"column":65},"end":{"line":1,"column":99}},{"start":{"line":1,"column":100},"end":{"line":1,"column":251}}]},"2":{"line":1,"type":"binary-expr","locations":[{"start":{"line":1,"column":15},"end":{"line":1,"column":39}},{"start":{"line":1,"column":41},"end":{"line":1,"column":64}}]},"3":{"line":1,"type":"cond-expr","locations":[{"start":{"line":1,"column":138},"end":{"line":1,"column":157}},{"start":{"line":1,"column":158},"end":{"line":1,"column":251}}]},"4":{"line":1,"type":"binary-expr","locations":[{"start":{"line":1,"column":100},"end":{"line":1,"column":125}},{"start":{"line":1,"column":127},"end":{"line":1,"column":137}}]},"5":{"line":1,"type":"cond-expr","locations":[{"start":{"line":1,"column":183},"end":{"line":1,"column":224}},{"start":{"line":1,"column":225},"end":{"line":1,"column":251}}]},"6":{"line":1,"type":"if","locations":[{"start":{"line":1,"column":303},"end":{"line":1,"column":303}},{"start":{"line":1,"column":303},"end":{"line":1,"column":303}}]},"7":{"line":1,"type":"cond-expr","locations":[{"start":{"line":1,"column":574},"end":{"line":1,"column":575}},{"start":{"line":1,"column":576},"end":{"line":1,"column":589}}]},"8":{"line":1,"type":"binary-expr","locations":[{"start":{"line":1,"column":558},"end":{"line":1,"column":559}},{"start":{"line":1,"column":561},"end":{"line":1,"column":573}}]},"9":{"line":1,"type":"if","locations":[{"start":{"line":1,"column":606},"end":{"line":1,"column":606}},{"start":{"line":1,"column":606},"end":{"line":1,"column":606}}]},"10":{"line":1,"type":"if","locations":[{"start":{"line":1,"column":700},"end":{"line":1,"column":700}},{"start":{"line":1,"column":700},"end":{"line":1,"column":700}}]},"11":{"line":1,"type":"cond-expr","locations":[{"start":{"line":1,"column":843},"end":{"line":1,"column":844}},{"start":{"line":1,"column":845},"end":{"line":1,"column":846}}]},"12":{"line":1,"type":"binary-expr","locations":[{"start":{"line":1,"column":798},"end":{"line":1,"column":800}},{"start":{"line":1,"column":802},"end":{"line":1,"column":820}},{"start":{"line":1,"column":822},"end":{"line":1,"column":842}}]},"13":{"line":1,"type":"if","locations":[{"start":{"line":1,"column":863},"end":{"line":1,"column":863}},{"start":{"line":1,"column":863},"end":{"line":1,"column":863}}]},"14":{"line":1,"type":"binary-expr","locations":[{"start":{"line":1,"column":866},"end":{"line":1,"column":886}},{"start":{"line":1,"column":888},"end":{"line":1,"column":896}}]},"15":{"line":1,"type":"binary-expr","locations":[{"start":{"line":1,"column":1012},"end":{"line":1,"column":1013}},{"start":{"line":1,"column":1015},"end":{"line":1,"column":1026}}]},"16":{"line":1,"type":"binary-expr","locations":[{"start":{"line":1,"column":1094},"end":{"line":1,"column":1095}},{"start":{"line":1,"column":1098},"end":{"line":1,"column":1160}}]},"17":{"line":1,"type":"cond-expr","locations":[{"start":{"line":1,"column":1120},"end":{"line":1,"column":1146}},{"start":{"line":1,"column":1147},"end":{"line":1,"column":1160}}]},"18":{"line":1,"type":"binary-expr","locations":[{"start":{"line":1,"column":1217},"end":{"line":1,"column":1230}},{"start":{"line":1,"column":1232},"end":{"line":1,"column":1378}}]},"19":{"line":1,"type":"binary-expr","locations":[{"start":{"line":1,"column":1314},"end":{"line":1,"column":1355}},{"start":{"line":1,"column":1358},"end":{"line":1,"column":1367}}]},"20":{"line":1,"type":"binary-expr","locations":[{"start":{"line":1,"column":1460},"end":{"line":1,"column":1472}},{"start":{"line":1,"column":1474},"end":{"line":1,"column":1476}}]},"21":{"line":1,"type":"binary-expr","locations":[{"start":{"line":1,"column":1495},"end":{"line":1,"column":1506}},{"start":{"line":1,"column":1509},"end":{"line":1,"column":1522}}]},"22":{"line":1,"type":"binary-expr","locations":[{"start":{"line":1,"column":1588},"end":{"line":1,"column":1589}},{"start":{"line":1,"column":1591},"end":{"line":1,"column":1607}}]},"23":{"line":1,"type":"binary-expr","locations":[{"start":{"line":1,"column":1608},"end":{"line":1,"column":1609}},{"start":{"line":1,"column":1611},"end":{"line":1,"column":1617}}]},"24":{"line":1,"type":"binary-expr","locations":[{"start":{"line":1,"column":1694},"end":{"line":1,"column":1710}},{"start":{"line":1,"column":1712},"end":{"line":1,"column":1739}},{"start":{"line":1,"column":1741},"end":{"line":1,"column":1775}},{"start":{"line":1,"column":1777},"end":{"line":1,"column":1813}}]},"25":{"line":1,"type":"binary-expr","locations":[{"start":{"line":1,"column":1972},"end":{"line":1,"column":1983}},{"start":{"line":1,"column":1985},"end":{"line":1,"column":2009}}]},"26":{"line":1,"type":"cond-expr","locations":[{"start":{"line":1,"column":2280},"end":{"line":1,"column":2309}},{"start":{"line":1,"column":2310},"end":{"line":1,"column":2363}}]},"27":{"line":1,"type":"binary-expr","locations":[{"start":{"line":1,"column":2310},"end":{"line":1,"column":2326}},{"start":{"line":1,"column":2328},"end":{"line":1,"column":2363}}]},"28":{"line":1,"type":"cond-expr","locations":[{"start":{"line":1,"column":2425},"end":{"line":1,"column":2445}},{"start":{"line":1,"column":2446},"end":{"line":1,"column":2506}}]},"29":{"line":1,"type":"if","locations":[{"start":{"line":1,"column":2527},"end":{"line":1,"column":2527}},{"start":{"line":1,"column":2527},"end":{"line":1,"column":2527}}]},"30":{"line":1,"type":"binary-expr","locations":[{"start":{"line":1,"column":2530},"end":{"line":1,"column":2549}},{"start":{"line":1,"column":2551},"end":{"line":1,"column":2572}},{"start":{"line":1,"column":2574},"end":{"line":1,"column":2593}}]},"31":{"line":1,"type":"binary-expr","locations":[{"start":{"line":1,"column":2732},"end":{"line":1,"column":2752}},{"start":{"line":1,"column":2754},"end":{"line":1,"column":2757}}]},"32":{"line":1,"type":"binary-expr","locations":[{"start":{"line":1,"column":2824},"end":{"line":1,"column":2825}},{"start":{"line":1,"column":2828},"end":{"line":1,"column":2856}}]},"33":{"line":1,"type":"cond-expr","locations":[{"start":{"line":1,"column":2879},"end":{"line":1,"column":2954}},{"start":{"line":1,"column":2955},"end":{"line":1,"column":3021}}]},"34":{"line":1,"type":"binary-expr","locations":[{"start":{"line":1,"column":2858},"end":{"line":1,"column":2874}},{"start":{"line":1,"column":2876},"end":{"line":1,"column":2878}}]},"35":{"line":1,"type":"if","locations":[{"start":{"line":1,"column":3096},"end":{"line":1,"column":3096}},{"start":{"line":1,"column":3096},"end":{"line":1,"column":3096}}]},"36":{"line":1,"type":"binary-expr","locations":[{"start":{"line":1,"column":3262},"end":{"line":1,"column":3263}},{"start":{"line":1,"column":3266},"end":{"line":1,"column":3341}}]},"37":{"line":1,"type":"binary-expr","locations":[{"start":{"line":1,"column":3473},"end":{"line":1,"column":3488}},{"start":{"line":1,"column":3490},"end":{"line":1,"column":3506}}]},"38":{"line":1,"type":"binary-expr","locations":[{"start":{"line":1,"column":3754},"end":{"line":1,"column":3755}},{"start":{"line":1,"column":3757},"end":{"line":1,"column":3806}},{"start":{"line":1,"column":3809},"end":{"line":1,"column":3859}}]},"39":{"line":1,"type":"binary-expr","locations":[{"start":{"line":1,"column":4063},"end":{"line":1,"column":4082}},{"start":{"line":1,"column":4085},"end":{"line":1,"column":4187}}]},"40":{"line":1,"type":"binary-expr","locations":[{"start":{"line":1,"column":4310},"end":{"line":1,"column":4333}},{"start":{"line":1,"column":4335},"end":{"line":1,"column":4418}}]},"41":{"line":1,"type":"binary-expr","locations":[{"start":{"line":1,"column":4501},"end":{"line":1,"column":4524}},{"start":{"line":1,"column":4526},"end":{"line":1,"column":4549}},{"start":{"line":1,"column":4551},"end":{"line":1,"column":4572}},{"start":{"line":1,"column":4576},"end":{"line":1,"column":4588}}]},"42":{"line":1,"type":"binary-expr","locations":[{"start":{"line":1,"column":4840},"end":{"line":1,"column":4841}},{"start":{"line":1,"column":4843},"end":{"line":1,"column":4973}}]},"43":{"line":1,"type":"binary-expr","locations":[{"start":{"line":1,"column":5070},"end":{"line":1,"column":5071}},{"start":{"line":1,"column":5073},"end":{"line":1,"column":5074}},{"start":{"line":1,"column":5076},"end":{"line":1,"column":5127}}]},"44":{"line":1,"type":"binary-expr","locations":[{"start":{"line":1,"column":5128},"end":{"line":1,"column":5129}},{"start":{"line":1,"column":5131},"end":{"line":1,"column":5133}},{"start":{"line":1,"column":5135},"end":{"line":1,"column":5136}}]},"45":{"line":1,"type":"cond-expr","locations":[{"start":{"line":1,"column":6001},"end":{"line":1,"column":6021}},{"start":{"line":1,"column":6022},"end":{"line":1,"column":6025}}]},"46":{"line":1,"type":"cond-expr","locations":[{"start":{"line":1,"column":6314},"end":{"line":1,"column":6315}},{"start":{"line":1,"column":6316},"end":{"line":1,"column":6329}}]},"47":{"line":1,"type":"binary-expr","locations":[{"start":{"line":1,"column":6298},"end":{"line":1,"column":6299}},{"start":{"line":1,"column":6301},"end":{"line":1,"column":6313}}]},"48":{"line":1,"type":"binary-expr","locations":[{"start":{"line":1,"column":6569},"end":{"line":1,"column":6575}},{"start":{"line":1,"column":6578},"end":{"line":1,"column":6584}}]},"49":{"line":1,"type":"cond-expr","locations":[{"start":{"line":1,"column":7625},"end":{"line":1,"column":7660}},{"start":{"line":1,"column":7661},"end":{"line":1,"column":7673}}]},"50":{"line":1,"type":"binary-expr","locations":[{"start":{"line":1,"column":7711},"end":{"line":1,"column":7729}},{"start":{"line":1,"column":7732},"end":{"line":1,"column":7747}}]},"51":{"line":1,"type":"binary-expr","locations":[{"start":{"line":1,"column":7802},"end":{"line":1,"column":7820}},{"start":{"line":1,"column":7823},"end":{"line":1,"column":7830}}]},"52":{"line":1,"type":"binary-expr","locations":[{"start":{"line":1,"column":7867},"end":{"line":1,"column":7888}},{"start":{"line":1,"column":7890},"end":{"line":1,"column":7897}},{"start":{"line":1,"column":7900},"end":{"line":1,"column":7960}}]},"53":{"line":1,"type":"cond-expr","locations":[{"start":{"line":1,"column":7909},"end":{"line":1,"column":7915}},{"start":{"line":1,"column":7916},"end":{"line":1,"column":7950}}]},"54":{"line":1,"type":"binary-expr","locations":[{"start":{"line":1,"column":7900},"end":{"line":1,"column":7901}},{"start":{"line":1,"column":7903},"end":{"line":1,"column":7908}}]},"55":{"line":1,"type":"binary-expr","locations":[{"start":{"line":1,"column":7916},"end":{"line":1,"column":7917}},{"start":{"line":1,"column":7920},"end":{"line":1,"column":7949}}]}},"code":["!function(e,t){\"object\"==typeof exports&&\"object\"==typeof module?module.exports=t(require(\"react\")):\"function\"==typeof define&&define.amd?define([\"react\"],t):\"object\"==typeof exports?exports.FacebookLogin=t(require(\"react\")):e.FacebookLogin=t(e.react)}(this,function(e){return function(e){function t(n){if(o[n])return o[n].exports;var i=o[n]={exports:{},id:n,loaded:!1};return e[n].call(i.exports,i,i.exports,t),i.loaded=!0,i.exports}var o={};return t.m=e,t.c=o,t.p=\"\",t(0)}([function(e,t,o){e.exports=o(2)},function(e,t,o){\"use strict\";function n(e){return e&&e.__esModule?e:{\"default\":e}}function i(e,t){if(!(e instanceof t))throw new TypeError(\"Cannot call a class as a function\")}function r(e,t){if(!e)throw new ReferenceError(\"this hasn't been initialised - super() hasn't been called\");return!t||\"object\"!=typeof t&&\"function\"!=typeof t?e:t}function s(e,t){if(\"function\"!=typeof t&&null!==t)throw new TypeError(\"Super expression must either be null or a function, not \"+typeof t);e.prototype=Object.create(t&&t.prototype,{constructor:{value:e,enumerable:!1,writable:!0,configurable:!0}}),t&&(Object.setPrototypeOf?Object.setPrototypeOf(e,t):e.__proto__=t)}Object.defineProperty(t,\"__esModule\",{value:!0});var a=Object.assign||function(e){for(var t=1;t<arguments.length;t++){var o=arguments[t];for(var n in o)Object.prototype.hasOwnProperty.call(o,n)&&(e[n]=o[n])}return e},c=function(){function e(e,t){for(var o=0;o<t.length;o++){var n=t[o];n.enumerable=n.enumerable||!1,n.configurable=!0,\"value\"in n&&(n.writable=!0),Object.defineProperty(e,n.key,n)}}return function(t,o,n){return o&&e(t.prototype,o),n&&e(t,n),t}}(),l=o(6),p=n(l),u=o(4),f=n(u),d=o(3),y=n(d),b=function(){var e=!1;try{e=window.navigator&&window.navigator.standalone||navigator.userAgent.match(\"CriOS\")||navigator.userAgent.match(/mobile/i)}catch(t){}return e},h=function(e){function t(){var e,o,n,s;i(this,t);for(var c=arguments.length,l=Array(c),p=0;p<c;p++)l[p]=arguments[p];return o=n=r(this,(e=t.__proto__||Object.getPrototypeOf(t)).call.apply(e,[this].concat(l))),n.state={isSdkLoaded:!1,isProcessing:!1},n.responseApi=function(e){window.FB.api(\"/me\",{fields:n.props.fields},function(t){a(t,e),n.props.callback(t)})},n.checkLoginState=function(e){n.setStateIfMounted({isProcessing:!1}),e.authResponse?n.responseApi(e.authResponse):n.props.callback&&n.props.callback({status:e.status})},n.checkLoginAfterRefresh=function(e){\"connected\"===e.status?n.checkLoginState(e):window.FB.login(function(e){return n.checkLoginState(e)},!0)},n.click=function(){if(n.state.isSdkLoaded&&!n.state.isProcessing&&!n.props.isDisabled){n.setState({isProcessing:!0});var e=n.props,t=e.scope,o=e.appId,i=e.onClick,r=e.reAuthenticate,s=e.redirectUri,a=e.disableMobileRedirect;\"function\"==typeof i&&i();var c={client_id:o,redirect_uri:s,state:\"facebookdirect\",scope:t};r&&(c.auth_type=\"reauthenticate\"),n.props.isMobile&&!a?window.location.href=\"//www.facebook.com/dialog/oauth?\"+(0,y[\"default\"])(c):window.FB.login(n.checkLoginState,{scope:t,auth_type:c.auth_type})}},s=o,r(n,s)}return s(t,e),c(t,[{key:\"componentDidMount\",value:function(){if(document.getElementById(\"facebook-jssdk\"))return void this.sdkLoaded();this.setFbAsyncInit(),this.loadSdkAsynchronously();var e=document.getElementById(\"fb-root\");e||(e=document.createElement(\"div\"),e.id=\"fb-root\",document.body.appendChild(e)),this._isMounted=!0}},{key:\"componentWillUnmount\",value:function(){this._isMounted=!1}},{key:\"setStateIfMounted\",value:function(e){this._isMounted&&this.setState(e)}},{key:\"setFbAsyncInit\",value:function(){var e=this,t=this.props,o=t.appId,n=t.xfbml,i=t.cookie,r=t.version,s=t.autoLoad;window.fbAsyncInit=function(){window.FB.init({version:\"v\"+r,appId:o,xfbml:n,cookie:i}),e.setStateIfMounted({isSdkLoaded:!0}),(s||window.location.search.includes(\"facebookdirect\"))&&window.FB.getLoginStatus(e.checkLoginAfterRefresh)}}},{key:\"sdkLoaded\",value:function(){this.setState({isSdkLoaded:!0})}},{key:\"loadSdkAsynchronously\",value:function(){var e=this.props.language;!function(t,o,n){var i=t.getElementsByTagName(o)[0],r=i,s=i;t.getElementById(n)||(s=t.createElement(o),s.id=n,s.src=\"//connect.facebook.net/\"+e+\"/all.js\",r.parentNode.insertBefore(s,r))}(document,\"script\",\"facebook-jssdk\")}},{key:\"style\",value:function(){var e=this.constructor.defaultProps.cssClass;return this.props.cssClass===e&&p[\"default\"].createElement(\"style\",{dangerouslySetInnerHTML:{__html:f[\"default\"]}})}},{key:\"containerStyle\",value:function(){var e={transition:\"opacity 0.5s\"};return(this.state.isProcessing||!this.state.isSdkLoaded||this.props.isDisabled)&&(e.opacity=.6),a(e,this.props.containerStyle)}},{key:\"render\",value:function(){var e=this.props,t=e.cssClass,o=e.size,n=e.icon,i=e.textButton,r=e.typeButton,s=e.buttonStyle,a=\"string\"==typeof n;return p[\"default\"].createElement(\"span\",{style:this.containerStyle()},a&&p[\"default\"].createElement(\"link\",{rel:\"stylesheet\",href:\"//maxcdn.bootstrapcdn.com/font-awesome/4.5.0/css/font-awesome.min.css\"}),p[\"default\"].createElement(this.props.tag,{type:r,className:t+\" \"+o,style:s,onClick:this.click},n&&a&&p[\"default\"].createElement(\"i\",{className:\"fa \"+n}),n&&!a&&n,i),this.style())}}]),t}(p[\"default\"].Component);h.propTypes={isDisabled:l.PropTypes.bool,callback:l.PropTypes.func.isRequired,appId:l.PropTypes.string.isRequired,xfbml:l.PropTypes.bool,cookie:l.PropTypes.bool,reAuthenticate:l.PropTypes.bool,scope:l.PropTypes.string,redirectUri:l.PropTypes.string,textButton:l.PropTypes.string,typeButton:l.PropTypes.string,autoLoad:l.PropTypes.bool,disableMobileRedirect:l.PropTypes.bool,isMobile:l.PropTypes.bool,size:l.PropTypes.string,fields:l.PropTypes.string,cssClass:l.PropTypes.string,version:l.PropTypes.string,icon:l.PropTypes.any,language:l.PropTypes.string,onClick:l.PropTypes.func,containerStyle:l.PropTypes.object,buttonStyle:l.PropTypes.object,tag:l.PropTypes.oneOfType([l.PropTypes.node,l.PropTypes.func])},h.defaultProps={textButton:\"Login with Facebook\",typeButton:\"button\",redirectUri:\"undefined\"!=typeof window?window.location.href:\"/\",scope:\"public_profile,email\",xfbml:!1,cookie:!1,reAuthenticate:!1,size:\"metro\",fields:\"name\",cssClass:\"kep-login-facebook\",version:\"2.3\",language:\"en_US\",disableMobileRedirect:!1,isMobile:b(),tag:\"button\"},t[\"default\"]=h},function(e,t,o){\"use strict\";function n(e){return e&&e.__esModule?e:{\"default\":e}}Object.defineProperty(t,\"__esModule\",{value:!0}),t[\"default\"]=void 0;var i=o(1),r=n(i);t[\"default\"]=r[\"default\"]},function(e,t){\"use strict\";Object.defineProperty(t,\"__esModule\",{value:!0}),t[\"default\"]=function(e){var t=\"\";for(var o in e)\"\"!==t&&(t+=\"&\"),t+=o+\"=\"+encodeURIComponent(e[o]);return t}},function(e,t,o){t=e.exports=o(5)(),t.push([e.id,\".kep-login-facebook{font-family:Helvetica,sans-serif;font-weight:700;-webkit-font-smoothing:antialiased;color:#fff;cursor:pointer;display:inline-block;font-size:calc(.27548vw + 12.71074px);text-decoration:none;text-transform:uppercase;transition:background-color .3s,border-color .3s;background-color:#4c69ba;border:calc(.06887vw + .67769px) solid #4c69ba;padding:calc(.34435vw + 13.38843px) calc(.34435vw + 18.38843px)}.kep-login-facebook.small{padding:calc(.34435vw + 3.38843px) calc(.34435vw + 8.38843px)}.kep-login-facebook.medium{padding:calc(.34435vw + 8.38843px) calc(.34435vw + 13.38843px)}.kep-login-facebook.metro{border-radius:0}.kep-login-facebook .fa{margin-right:calc(.34435vw + 3.38843px)}\",\"\"]),t.locals={\"kep-login-facebook\":\"kep-login-facebook\",small:\"small\",medium:\"medium\",metro:\"metro\",fa:\"fa\"}},function(e,t){e.exports=function(){var e=[];return e.toString=function(){for(var e=[],t=0;t<this.length;t++){var o=this[t];o[2]?e.push(\"@media \"+o[2]+\"{\"+o[1]+\"}\"):e.push(o[1])}return e.join(\"\")},e.i=function(t,o){\"string\"==typeof t&&(t=[[null,t,\"\"]]);for(var n={},i=0;i<this.length;i++){var r=this[i][0];\"number\"==typeof r&&(n[r]=!0)}for(i=0;i<t.length;i++){var s=t[i];\"number\"==typeof s[0]&&n[s[0]]||(o&&!s[2]?s[2]=o:o&&(s[2]=\"(\"+s[2]+\") and (\"+o+\")\"),e.push(s))}},e}},function(t,o){t.exports=e}])});"],"l":{"1":9}}}